{
  "stats": {
    "suites": 1,
    "tests": 1,
    "passes": 0,
    "pending": 0,
    "failures": 1,
    "start": "2026-04-15T16:15:35.745Z",
    "end": "2026-04-15T16:15:48.909Z",
    "duration": 13164,
    "testsRegistered": 1,
    "passPercent": 0,
    "pendingPercent": 0,
    "other": 0,
    "hasOther": false,
    "skipped": 0,
    "hasSkipped": false
  },
  "results": [
    {
      "uuid": "619aa5de-5a97-4d96-ada2-23dbcdc52d56",
      "title": "",
      "fullFile": "cypress\\e2e\\registered_checkout.cy.js",
      "file": "cypress\\e2e\\registered_checkout.cy.js",
      "beforeHooks": [],
      "afterHooks": [],
      "tests": [],
      "suites": [
        {
          "uuid": "706f8b80-4a0b-4883-a099-dea68f5af2b8",
          "title": "US05: Kayıtlı Kullanıcı Ödeme Akışı",
          "fullFile": "",
          "file": "",
          "beforeHooks": [],
          "afterHooks": [],
          "tests": [
            {
              "title": "Başarılı Ödeme Sayfası Doğrulaması",
              "fullTitle": "US05: Kayıtlı Kullanıcı Ödeme Akışı Başarılı Ödeme Sayfası Doğrulaması",
              "timedOut": null,
              "duration": 13116,
              "state": "failed",
              "speed": null,
              "pass": false,
              "fail": true,
              "pending": false,
              "context": null,
              "code": "// 1. Giriş Yap\n_LoginPage.default.openLoginPopup();\ncy.wait(1500);\n_LoginPage.default.login('goksudaggunen@gmail.com', 'Kitap-Sepeti123!');\ncy.wait(1500); // Girişin tam işlenmesi için biraz daha süre\n// 2. Ürün Seçimi ve Sepete Ekleme\n// Burada force:true kullanarak overlay sorununu kökten çözüyoruz\n_RegisteredCheckoutPage.default.firstProduct.should('exist').click({\n  force: true\n});\n_RegisteredCheckoutPage.default.addToCartBtn.should('exist').click({\n  force: true\n});\ncy.wait(2000);\n// 3. Sepete Git\ncy.visit('/sepet');\n_RegisteredCheckoutPage.default.buyNowBtn.should('exist').click({\n  force: true\n});\n// 4. Eğer sistem tekrar login isterse (Güvenlik yönlendirmesi)\ncy.url().then(url => {\n  if (url.includes('uye-giris')) {\n    _LoginPage.default.loginOnOrderPage('goksudaggunen@gmail.com', 'Kitap-Sepeti123!');\n  }\n});\n// 5. Adres Sayfası ve Devam Et\ncy.url({\n  timeout: 30000\n}).should('include', '/order');\n// Hata aldığın o kritik buton tıklaması:\n_RegisteredCheckoutPage.default.orderNextBtn.should('exist').click({\n  force: true\n});\n// 6. Ödeme Sayfası Doğrulaması\ncy.url({\n  timeout: 20000\n}).should('include', 'payment');\n_RegisteredCheckoutPage.default.iyzicoTab.should('be.visible');\ncy.log('✅ TEST BAŞARIYLA TAMAMLANDI');",
              "err": {
                "message": "TypeError: _LoginPage.default.loginOnOrderPage is not a function",
                "estack": "TypeError: _LoginPage.default.loginOnOrderPage is not a function\n    at Context.eval (webpack://kitapsepeti_automation/./cypress/e2e/registered_checkout.cy.js:40:26)\n    at getRet (https://www.kitapsepeti.com/__cypress/runner/cypress_runner.js:122798:20)\n    at tryCatcher (https://www.kitapsepeti.com/__cypress/runner/cypress_runner.js:1777:23)\n    at Promise.attempt.Promise.try (https://www.kitapsepeti.com/__cypress/runner/cypress_runner.js:4285:29)\n    at Context.thenFn (https://www.kitapsepeti.com/__cypress/runner/cypress_runner.js:122809:66)\n    at Context.then (https://www.kitapsepeti.com/__cypress/runner/cypress_runner.js:123060:21)\n    at wrapped (https://www.kitapsepeti.com/__cypress/runner/cypress_runner.js:146308:19)\n    at <unknown> (https://www.kitapsepeti.com/__cypress/runner/cypress_runner.js:152306:15)\n    at tryCatcher (https://www.kitapsepeti.com/__cypress/runner/cypress_runner.js:1777:23)",
                "diff": null
              },
              "uuid": "0babf4b8-6b7c-4a60-a97f-282f79c2265a",
              "parentUUID": "706f8b80-4a0b-4883-a099-dea68f5af2b8",
              "isHook": false,
              "skipped": false
            }
          ],
          "suites": [],
          "passes": [],
          "failures": [
            "0babf4b8-6b7c-4a60-a97f-282f79c2265a"
          ],
          "pending": [],
          "skipped": [],
          "duration": 13116,
          "root": false,
          "rootEmpty": false,
          "_timeout": 2000
        }
      ],
      "passes": [],
      "failures": [],
      "pending": [],
      "skipped": [],
      "duration": 0,
      "root": true,
      "rootEmpty": true,
      "_timeout": 2000
    }
  ],
  "meta": {
    "mocha": {
      "version": "7.2.0"
    },
    "mochawesome": {
      "options": {
        "quiet": false,
        "reportFilename": "mochawesome",
        "saveHtml": true,
        "saveJson": true,
        "consoleReporter": "spec",
        "useInlineDiffs": false,
        "code": true
      },
      "version": "7.1.4"
    },
    "marge": {
      "options": {
        "reportDir": "cypress/reports",
        "overwrite": false,
        "html": true,
        "json": true,
        "timestamp": "mmddyyyy_HHMMss"
      },
      "version": "6.3.2"
    }
  }
}