{
  "stats": {
    "suites": 1,
    "tests": 1,
    "passes": 1,
    "pending": 0,
    "failures": 0,
    "start": "2026-04-15T16:09:25.825Z",
    "end": "2026-04-15T16:09:32.957Z",
    "duration": 7132,
    "testsRegistered": 1,
    "passPercent": 100,
    "pendingPercent": 0,
    "other": 0,
    "hasOther": false,
    "skipped": 0,
    "hasSkipped": false
  },
  "results": [
    {
      "uuid": "8116fef3-2ffb-4ccd-a190-ca86c51d5065",
      "title": "",
      "fullFile": "cypress\\e2e\\basket_management.cy.js",
      "file": "cypress\\e2e\\basket_management.cy.js",
      "beforeHooks": [],
      "afterHooks": [],
      "tests": [],
      "suites": [
        {
          "uuid": "5c022970-c93c-44a4-a8fd-64d4e3f41ba6",
          "title": "Kitapsepeti - Sepet Süreçleri Otomasyonu",
          "fullFile": "",
          "file": "",
          "beforeHooks": [],
          "afterHooks": [],
          "tests": [
            {
              "title": "US_001: Boş sepet kontrolü yapılmalı",
              "fullTitle": "Kitapsepeti - Sepet Süreçleri Otomasyonu US_001: Boş sepet kontrolü yapılmalı",
              "timedOut": null,
              "duration": 7093,
              "state": "passed",
              "speed": "medium",
              "pass": true,
              "fail": false,
              "pending": false,
              "context": null,
              "code": "_CartPage.default.acceptCookies();\n_CartPage.default.clickCart();\n_CartPage.default.verifyEmptyCart();",
              "err": {},
              "uuid": "0b4f5974-be72-4ab3-8f51-d515a4f6967e",
              "parentUUID": "5c022970-c93c-44a4-a8fd-64d4e3f41ba6",
              "isHook": false,
              "skipped": false
            }
          ],
          "suites": [],
          "passes": [
            "0b4f5974-be72-4ab3-8f51-d515a4f6967e"
          ],
          "failures": [],
          "pending": [],
          "skipped": [],
          "duration": 7093,
          "root": false,
          "rootEmpty": false,
          "_timeout": 2000
        }
      ],
      "passes": [],
      "failures": [],
      "pending": [],
      "skipped": [],
      "duration": 0,
      "root": true,
      "rootEmpty": true,
      "_timeout": 2000
    }
  ],
  "meta": {
    "mocha": {
      "version": "7.2.0"
    },
    "mochawesome": {
      "options": {
        "quiet": false,
        "reportFilename": "mochawesome",
        "saveHtml": true,
        "saveJson": true,
        "consoleReporter": "spec",
        "useInlineDiffs": false,
        "code": true
      },
      "version": "7.1.4"
    },
    "marge": {
      "options": {
        "reportDir": "cypress/reports",
        "overwrite": false,
        "html": true,
        "json": true,
        "timestamp": "mmddyyyy_HHMMss"
      },
      "version": "6.3.2"
    }
  }
}