{
  "stats": {
    "suites": 1,
    "tests": 3,
    "passes": 3,
    "pending": 0,
    "failures": 0,
    "start": "2026-04-15T16:09:51.870Z",
    "end": "2026-04-15T16:10:01.237Z",
    "duration": 9367,
    "testsRegistered": 3,
    "passPercent": 100,
    "pendingPercent": 0,
    "other": 0,
    "hasOther": false,
    "skipped": 0,
    "hasSkipped": false
  },
  "results": [
    {
      "uuid": "4a40be00-c4ac-41d6-9df2-05cf0c9028a5",
      "title": "",
      "fullFile": "cypress\\e2e\\login_test.cy.js",
      "file": "cypress\\e2e\\login_test.cy.js",
      "beforeHooks": [],
      "afterHooks": [],
      "tests": [],
      "suites": [
        {
          "uuid": "d60f84d6-8308-4058-99e5-8b56cb311fc6",
          "title": "US01: Kullanıcı Girişi ve Güvenlik Kontrolleri",
          "fullFile": "",
          "file": "",
          "beforeHooks": [],
          "afterHooks": [],
          "tests": [
            {
              "title": "AC4: Session Enjeksiyonu Testi",
              "fullTitle": "US01: Kullanıcı Girişi ve Güvenlik Kontrolleri AC4: Session Enjeksiyonu Testi",
              "timedOut": null,
              "duration": 782,
              "state": "passed",
              "speed": "fast",
              "pass": true,
              "fail": false,
              "pending": false,
              "context": null,
              "code": "cy.setCookie('PHPSESSID', '06605c03e77affb0838e7018c0a38229');\ncy.visit('/order/address', {\n  failOnStatusCode: false\n});\ncy.url().should('match', /address|uye-giris/);",
              "err": {},
              "uuid": "ad5b1e02-d979-4743-9bd1-9583a6f31fa5",
              "parentUUID": "d60f84d6-8308-4058-99e5-8b56cb311fc6",
              "isHook": false,
              "skipped": false
            },
            {
              "title": "AC5: Hatalı Giriş Kontrolü",
              "fullTitle": "US01: Kullanıcı Girişi ve Güvenlik Kontrolleri AC5: Hatalı Giriş Kontrolü",
              "timedOut": null,
              "duration": 5537,
              "state": "passed",
              "speed": "medium",
              "pass": true,
              "fail": false,
              "pending": false,
              "context": null,
              "code": "_LoginPage.default.openLoginPopup();\n_LoginPage.default.login('hatali_deneme@test.com', 'Yanlis123!');\n// Hata mesajı içeren bir elementin varlığını kontrol et\ncy.wait(2000);\ncy.get('body').should('be.visible');\ncy.log('Hatalı giriş denemesi yapıldı.');",
              "err": {},
              "uuid": "d4e448cf-925a-4d20-a401-83c6f7a765c2",
              "parentUUID": "d60f84d6-8308-4058-99e5-8b56cb311fc6",
              "isHook": false,
              "skipped": false
            },
            {
              "title": "AC9: Şifremi Unuttum Sayfası",
              "fullTitle": "US01: Kullanıcı Girişi ve Güvenlik Kontrolleri AC9: Şifremi Unuttum Sayfası",
              "timedOut": null,
              "duration": 2962,
              "state": "passed",
              "speed": "fast",
              "pass": true,
              "fail": false,
              "pending": false,
              "context": null,
              "code": "_LoginPage.default.openLoginPopup();\n// Şifremi unuttum linkine tıkla\n_LoginPage.default.forgotPasswordLink.click({\n  force: true\n});\n// URL'nin değiştiğini doğrula\ncy.url().should('include', 'sifre-hatirlat');\n// h1 yerine senin gönderdiğin buton ID'si ile doğrulama yapalım\n// ID'si \"forgot-password-btn-\" ile başlayan butonu bul\ncy.get('button[id^=\"forgot-password-btn-\"]', {\n  timeout: 10000\n}).should('exist').and('be.visible').and('contain.text', 'Şifremi Hatırlat');\n// E-posta kutusunun varlığını doğrula (id^=\"email-\" mantığıyla)\ncy.get('input[id^=\"email-\"]').should('exist');",
              "err": {},
              "uuid": "5a7f2c8b-d791-42a4-be37-9e7a2443ee74",
              "parentUUID": "d60f84d6-8308-4058-99e5-8b56cb311fc6",
              "isHook": false,
              "skipped": false
            }
          ],
          "suites": [],
          "passes": [
            "ad5b1e02-d979-4743-9bd1-9583a6f31fa5",
            "d4e448cf-925a-4d20-a401-83c6f7a765c2",
            "5a7f2c8b-d791-42a4-be37-9e7a2443ee74"
          ],
          "failures": [],
          "pending": [],
          "skipped": [],
          "duration": 9281,
          "root": false,
          "rootEmpty": false,
          "_timeout": 2000
        }
      ],
      "passes": [],
      "failures": [],
      "pending": [],
      "skipped": [],
      "duration": 0,
      "root": true,
      "rootEmpty": true,
      "_timeout": 2000
    }
  ],
  "meta": {
    "mocha": {
      "version": "7.2.0"
    },
    "mochawesome": {
      "options": {
        "quiet": false,
        "reportFilename": "mochawesome",
        "saveHtml": true,
        "saveJson": true,
        "consoleReporter": "spec",
        "useInlineDiffs": false,
        "code": true
      },
      "version": "7.1.4"
    },
    "marge": {
      "options": {
        "reportDir": "cypress/reports",
        "overwrite": false,
        "html": true,
        "json": true,
        "timestamp": "mmddyyyy_HHMMss"
      },
      "version": "6.3.2"
    }
  }
}