{
  "stats": {
    "suites": 1,
    "tests": 1,
    "passes": 1,
    "pending": 0,
    "failures": 0,
    "start": "2026-04-15T16:18:50.566Z",
    "end": "2026-04-15T16:18:54.812Z",
    "duration": 4246,
    "testsRegistered": 1,
    "passPercent": 100,
    "pendingPercent": 0,
    "other": 0,
    "hasOther": false,
    "skipped": 0,
    "hasSkipped": false
  },
  "results": [
    {
      "uuid": "92c8d400-6420-460b-846a-482029e4ea58",
      "title": "",
      "fullFile": "cypress\\e2e\\basket_test.cy.js",
      "file": "cypress\\e2e\\basket_test.cy.js",
      "beforeHooks": [],
      "afterHooks": [],
      "tests": [],
      "suites": [
        {
          "uuid": "6b68323e-76a6-44c4-9a06-5afd996ac1d5",
          "title": "Kitapsepeti - Boş Sepet Süreçleri",
          "fullFile": "",
          "file": "",
          "beforeHooks": [],
          "afterHooks": [],
          "tests": [
            {
              "title": "US_001: Sepet boşken \"ürün bulunmamaktadır\" yazısı doğrulanmalı",
              "fullTitle": "Kitapsepeti - Boş Sepet Süreçleri US_001: Sepet boşken \"ürün bulunmamaktadır\" yazısı doğrulanmalı",
              "timedOut": null,
              "duration": 4216,
              "state": "passed",
              "speed": "fast",
              "pass": true,
              "fail": false,
              "pending": false,
              "context": null,
              "code": "_CartPage.default.acceptCookies();\n_CartPage.default.clickCart();\ncy.wait(2000);\n_CartPage.default.verifyEmptyCart();",
              "err": {},
              "uuid": "0ff90337-30b0-4755-8be8-8d34f0fb07a3",
              "parentUUID": "6b68323e-76a6-44c4-9a06-5afd996ac1d5",
              "isHook": false,
              "skipped": false
            }
          ],
          "suites": [],
          "passes": [
            "0ff90337-30b0-4755-8be8-8d34f0fb07a3"
          ],
          "failures": [],
          "pending": [],
          "skipped": [],
          "duration": 4216,
          "root": false,
          "rootEmpty": false,
          "_timeout": 2000
        }
      ],
      "passes": [],
      "failures": [],
      "pending": [],
      "skipped": [],
      "duration": 0,
      "root": true,
      "rootEmpty": true,
      "_timeout": 2000
    }
  ],
  "meta": {
    "mocha": {
      "version": "7.2.0"
    },
    "mochawesome": {
      "options": {
        "quiet": false,
        "reportFilename": "mochawesome",
        "saveHtml": true,
        "saveJson": true,
        "consoleReporter": "spec",
        "useInlineDiffs": false,
        "code": true
      },
      "version": "7.1.4"
    },
    "marge": {
      "options": {
        "reportDir": "cypress/reports",
        "overwrite": false,
        "html": true,
        "json": true,
        "timestamp": "mmddyyyy_HHMMss"
      },
      "version": "6.3.2"
    }
  }
}