{
  "stats": {
    "suites": 1,
    "tests": 7,
    "passes": 7,
    "pending": 0,
    "failures": 0,
    "start": "2026-04-15T16:19:49.197Z",
    "end": "2026-04-15T16:20:21.867Z",
    "duration": 32670,
    "testsRegistered": 7,
    "passPercent": 100,
    "pendingPercent": 0,
    "other": 0,
    "hasOther": false,
    "skipped": 0,
    "hasSkipped": false
  },
  "results": [
    {
      "uuid": "21b0341e-40ea-4f76-b3ca-913a0159f763",
      "title": "",
      "fullFile": "cypress\\e2e\\search_test.cy.js",
      "file": "cypress\\e2e\\search_test.cy.js",
      "beforeHooks": [],
      "afterHooks": [],
      "tests": [],
      "suites": [
        {
          "uuid": "90224811-7ba8-408f-9671-d3dc132dc88b",
          "title": "US02: Ürün Arama ve Listeleme Fonksiyonları",
          "fullFile": "",
          "file": "",
          "beforeHooks": [],
          "afterHooks": [],
          "tests": [
            {
              "title": "AC1 & AC2: Başarılı Arama Kontrolü",
              "fullTitle": "US02: Ürün Arama ve Listeleme Fonksiyonları AC1 & AC2: Başarılı Arama Kontrolü",
              "timedOut": null,
              "duration": 4099,
              "state": "passed",
              "speed": "fast",
              "pass": true,
              "fail": false,
              "pending": false,
              "context": null,
              "code": "_SearchPage.default.searchProduct('Sabahattin Ali');\ncy.url().should('include', 'arama');",
              "err": {},
              "uuid": "118d36d2-731e-4148-b32a-74829c1585ee",
              "parentUUID": "90224811-7ba8-408f-9671-d3dc132dc88b",
              "isHook": false,
              "skipped": false
            },
            {
              "title": "AC3: Negatif Arama - Sonuç Yok Kontrolü",
              "fullTitle": "US02: Ürün Arama ve Listeleme Fonksiyonları AC3: Negatif Arama - Sonuç Yok Kontrolü",
              "timedOut": null,
              "duration": 3593,
              "state": "passed",
              "speed": "fast",
              "pass": true,
              "fail": false,
              "pending": false,
              "context": null,
              "code": "_SearchPage.default.searchProduct('asdfqwert12345');\ncy.get('body', {\n  timeout: 10000\n}).should($body => {\n  const text = $body.text().toLowerCase();\n  const hasNoProduct = !$body.find('.product-item').length;\n  expect(text.includes('bulunmadı') || text.includes('bulunamadı') || hasNoProduct).to.be.true;\n});",
              "err": {},
              "uuid": "f00d7a82-6c3d-42ae-897e-3e2752a57f31",
              "parentUUID": "90224811-7ba8-408f-9671-d3dc132dc88b",
              "isHook": false,
              "skipped": false
            },
            {
              "title": "AC4 & AC5: Ürün Kartı Detayları",
              "fullTitle": "US02: Ürün Arama ve Listeleme Fonksiyonları AC4 & AC5: Ürün Kartı Detayları",
              "timedOut": null,
              "duration": 3217,
              "state": "passed",
              "speed": "fast",
              "pass": true,
              "fail": false,
              "pending": false,
              "context": null,
              "code": "_SearchPage.default.searchProduct('Nutuk');\n_SearchPage.default.elements.productCards().first().within(() => {\n  cy.get('img').should('be.visible');\n  cy.get('.product-title, a').should('not.be.empty');\n  cy.get('[class*=\"price\"]').should('be.visible');\n  cy.contains(/Sepete|Ekle/i).should('exist');\n});",
              "err": {},
              "uuid": "e9ea8b7f-5fb2-46b1-90d6-cc8cef12a05f",
              "parentUUID": "90224811-7ba8-408f-9671-d3dc132dc88b",
              "isHook": false,
              "skipped": false
            },
            {
              "title": "AC6: Sıralama Menüsü Kontrolü",
              "fullTitle": "US02: Ürün Arama ve Listeleme Fonksiyonları AC6: Sıralama Menüsü Kontrolü",
              "timedOut": null,
              "duration": 10390,
              "state": "passed",
              "speed": "slow",
              "pass": true,
              "fail": false,
              "pending": false,
              "context": null,
              "code": "_SearchPage.default.searchProduct('Roman');\n_SearchPage.default.elements.sortSelect().then($el => {\n  if ($el.is('select')) {\n    cy.wrap($el).select(1, {\n      force: true\n    });\n  } else {\n    cy.wrap($el).click({\n      force: true\n    });\n  }\n});",
              "err": {},
              "uuid": "e40ead21-da83-481e-ab15-ba6f1337ad1c",
              "parentUUID": "90224811-7ba8-408f-9671-d3dc132dc88b",
              "isHook": false,
              "skipped": false
            },
            {
              "title": "AC7: Filtreleme Paneli Kontrolü",
              "fullTitle": "US02: Ürün Arama ve Listeleme Fonksiyonları AC7: Filtreleme Paneli Kontrolü",
              "timedOut": null,
              "duration": 3122,
              "state": "passed",
              "speed": "fast",
              "pass": true,
              "fail": false,
              "pending": false,
              "context": null,
              "code": "_SearchPage.default.searchProduct('Kitap');\n_SearchPage.default.elements.filterPanel().should('exist').then($el => {\n  const pattern = /Kategori|Marka|Model|Filtre|Yayınevi/i;\n  expect($el.text()).to.match(pattern);\n});",
              "err": {},
              "uuid": "7d1e0b2f-b60a-465c-aa31-7d871fafc8ce",
              "parentUUID": "90224811-7ba8-408f-9671-d3dc132dc88b",
              "isHook": false,
              "skipped": false
            },
            {
              "title": "AC8: Kategori Navigasyonu",
              "fullTitle": "US02: Ürün Arama ve Listeleme Fonksiyonları AC8: Kategori Navigasyonu",
              "timedOut": null,
              "duration": 2152,
              "state": "passed",
              "speed": "fast",
              "pass": true,
              "fail": false,
              "pending": false,
              "context": null,
              "code": "_SearchPage.default.elements.categoryLink().click({\n  force: true\n});\ncy.url({\n  timeout: 15000\n}).should('match', /roman|edebiyat|kategori/i);",
              "err": {},
              "uuid": "4a57a1c7-be85-4cc4-96b7-d90e60c8295e",
              "parentUUID": "90224811-7ba8-408f-9671-d3dc132dc88b",
              "isHook": false,
              "skipped": false
            },
            {
              "title": "AC9: Infinite Scroll (Sonsuz Kaydırma)",
              "fullTitle": "US02: Ürün Arama ve Listeleme Fonksiyonları AC9: Infinite Scroll (Sonsuz Kaydırma)",
              "timedOut": null,
              "duration": 5877,
              "state": "passed",
              "speed": "medium",
              "pass": true,
              "fail": false,
              "pending": false,
              "context": null,
              "code": "_SearchPage.default.searchProduct('Tarih');\n_SearchPage.default.elements.productCards().should('have.length.at.least', 1);\ncy.scrollTo('bottom');\ncy.wait(2000);\ncy.get('.product-item').its('length').should('be.gt', 2);",
              "err": {},
              "uuid": "720daaad-df9d-4c76-81c2-828e9a07e0e9",
              "parentUUID": "90224811-7ba8-408f-9671-d3dc132dc88b",
              "isHook": false,
              "skipped": false
            }
          ],
          "suites": [],
          "passes": [
            "118d36d2-731e-4148-b32a-74829c1585ee",
            "f00d7a82-6c3d-42ae-897e-3e2752a57f31",
            "e9ea8b7f-5fb2-46b1-90d6-cc8cef12a05f",
            "e40ead21-da83-481e-ab15-ba6f1337ad1c",
            "7d1e0b2f-b60a-465c-aa31-7d871fafc8ce",
            "4a57a1c7-be85-4cc4-96b7-d90e60c8295e",
            "720daaad-df9d-4c76-81c2-828e9a07e0e9"
          ],
          "failures": [],
          "pending": [],
          "skipped": [],
          "duration": 32450,
          "root": false,
          "rootEmpty": false,
          "_timeout": 2000
        }
      ],
      "passes": [],
      "failures": [],
      "pending": [],
      "skipped": [],
      "duration": 0,
      "root": true,
      "rootEmpty": true,
      "_timeout": 2000
    }
  ],
  "meta": {
    "mocha": {
      "version": "7.2.0"
    },
    "mochawesome": {
      "options": {
        "quiet": false,
        "reportFilename": "mochawesome",
        "saveHtml": true,
        "saveJson": true,
        "consoleReporter": "spec",
        "useInlineDiffs": false,
        "code": true
      },
      "version": "7.1.4"
    },
    "marge": {
      "options": {
        "reportDir": "cypress/reports",
        "overwrite": false,
        "html": true,
        "json": true,
        "timestamp": "mmddyyyy_HHMMss"
      },
      "version": "6.3.2"
    }
  }
}