{
  "stats": {
    "suites": 1,
    "tests": 3,
    "passes": 3,
    "pending": 0,
    "failures": 0,
    "start": "2026-04-15T16:19:09.438Z",
    "end": "2026-04-15T16:19:19.039Z",
    "duration": 9601,
    "testsRegistered": 3,
    "passPercent": 100,
    "pendingPercent": 0,
    "other": 0,
    "hasOther": false,
    "skipped": 0,
    "hasSkipped": false
  },
  "results": [
    {
      "uuid": "e0bf1b91-9efd-4868-b5bb-96209d962e4d",
      "title": "",
      "fullFile": "cypress\\e2e\\login_test.cy.js",
      "file": "cypress\\e2e\\login_test.cy.js",
      "beforeHooks": [],
      "afterHooks": [],
      "tests": [],
      "suites": [
        {
          "uuid": "a998aa03-8a92-478f-b778-3d9ba92c4b9d",
          "title": "US01: Kullanıcı Girişi ve Güvenlik Kontrolleri",
          "fullFile": "",
          "file": "",
          "beforeHooks": [],
          "afterHooks": [],
          "tests": [
            {
              "title": "AC4: Session Enjeksiyonu Testi",
              "fullTitle": "US01: Kullanıcı Girişi ve Güvenlik Kontrolleri AC4: Session Enjeksiyonu Testi",
              "timedOut": null,
              "duration": 855,
              "state": "passed",
              "speed": "fast",
              "pass": true,
              "fail": false,
              "pending": false,
              "context": null,
              "code": "cy.setCookie('PHPSESSID', '06605c03e77affb0838e7018c0a38229');\ncy.visit('/order/address', {\n  failOnStatusCode: false\n});\ncy.url().should('match', /address|uye-giris/);",
              "err": {},
              "uuid": "5ee2b856-7154-4db2-822a-64f810b61382",
              "parentUUID": "a998aa03-8a92-478f-b778-3d9ba92c4b9d",
              "isHook": false,
              "skipped": false
            },
            {
              "title": "AC5: Hatalı Giriş Kontrolü",
              "fullTitle": "US01: Kullanıcı Girişi ve Güvenlik Kontrolleri AC5: Hatalı Giriş Kontrolü",
              "timedOut": null,
              "duration": 5640,
              "state": "passed",
              "speed": "medium",
              "pass": true,
              "fail": false,
              "pending": false,
              "context": null,
              "code": "_LoginPage.default.openLoginPopup();\n_LoginPage.default.login('hatali_deneme@test.com', 'Yanlis123!');\n// Hata mesajı içeren bir elementin varlığını kontrol et\ncy.wait(2000);\ncy.get('body').should('be.visible');\ncy.log('Hatalı giriş denemesi yapıldı.');",
              "err": {},
              "uuid": "5b6649a6-84a3-4b5a-91a1-df0281ee2b30",
              "parentUUID": "a998aa03-8a92-478f-b778-3d9ba92c4b9d",
              "isHook": false,
              "skipped": false
            },
            {
              "title": "AC9: Şifremi Unuttum Sayfası",
              "fullTitle": "US01: Kullanıcı Girişi ve Güvenlik Kontrolleri AC9: Şifremi Unuttum Sayfası",
              "timedOut": null,
              "duration": 3021,
              "state": "passed",
              "speed": "fast",
              "pass": true,
              "fail": false,
              "pending": false,
              "context": null,
              "code": "_LoginPage.default.openLoginPopup();\n// Şifremi unuttum linkine tıkla\n_LoginPage.default.forgotPasswordLink.click({\n  force: true\n});\n// URL'nin değiştiğini doğrula\ncy.url().should('include', 'sifre-hatirlat');\n// h1 yerine senin gönderdiğin buton ID'si ile doğrulama yapalım\n// ID'si \"forgot-password-btn-\" ile başlayan butonu bul\ncy.get('button[id^=\"forgot-password-btn-\"]', {\n  timeout: 10000\n}).should('exist').and('be.visible').and('contain.text', 'Şifremi Hatırlat');\n// E-posta kutusunun varlığını doğrula (id^=\"email-\" mantığıyla)\ncy.get('input[id^=\"email-\"]').should('exist');",
              "err": {},
              "uuid": "36af39dc-e1a9-4726-b70a-14b941bb66c3",
              "parentUUID": "a998aa03-8a92-478f-b778-3d9ba92c4b9d",
              "isHook": false,
              "skipped": false
            }
          ],
          "suites": [],
          "passes": [
            "5ee2b856-7154-4db2-822a-64f810b61382",
            "5b6649a6-84a3-4b5a-91a1-df0281ee2b30",
            "36af39dc-e1a9-4726-b70a-14b941bb66c3"
          ],
          "failures": [],
          "pending": [],
          "skipped": [],
          "duration": 9516,
          "root": false,
          "rootEmpty": false,
          "_timeout": 2000
        }
      ],
      "passes": [],
      "failures": [],
      "pending": [],
      "skipped": [],
      "duration": 0,
      "root": true,
      "rootEmpty": true,
      "_timeout": 2000
    }
  ],
  "meta": {
    "mocha": {
      "version": "7.2.0"
    },
    "mochawesome": {
      "options": {
        "quiet": false,
        "reportFilename": "mochawesome",
        "saveHtml": true,
        "saveJson": true,
        "consoleReporter": "spec",
        "useInlineDiffs": false,
        "code": true
      },
      "version": "7.1.4"
    },
    "marge": {
      "options": {
        "reportDir": "cypress/reports",
        "overwrite": false,
        "html": true,
        "json": true,
        "timestamp": "mmddyyyy_HHMMss"
      },
      "version": "6.3.2"
    }
  }
}