{
  "stats": {
    "suites": 1,
    "tests": 1,
    "passes": 1,
    "pending": 0,
    "failures": 0,
    "start": "2026-04-15T16:18:47.186Z",
    "end": "2026-04-15T16:18:49.506Z",
    "duration": 2320,
    "testsRegistered": 1,
    "passPercent": 100,
    "pendingPercent": 0,
    "other": 0,
    "hasOther": false,
    "skipped": 0,
    "hasSkipped": false
  },
  "results": [
    {
      "uuid": "099875dc-2724-4f4a-bd01-d5c185e8704d",
      "title": "",
      "fullFile": "cypress\\e2e\\basket_management.cy.js",
      "file": "cypress\\e2e\\basket_management.cy.js",
      "beforeHooks": [],
      "afterHooks": [],
      "tests": [],
      "suites": [
        {
          "uuid": "00c34e07-348b-40c7-804a-eaa24f51d3a2",
          "title": "Kitapsepeti - Sepet Süreçleri Otomasyonu",
          "fullFile": "",
          "file": "",
          "beforeHooks": [],
          "afterHooks": [],
          "tests": [
            {
              "title": "US_001: Boş sepet kontrolü yapılmalı",
              "fullTitle": "Kitapsepeti - Sepet Süreçleri Otomasyonu US_001: Boş sepet kontrolü yapılmalı",
              "timedOut": null,
              "duration": 2284,
              "state": "passed",
              "speed": "fast",
              "pass": true,
              "fail": false,
              "pending": false,
              "context": null,
              "code": "_CartPage.default.acceptCookies();\n_CartPage.default.clickCart();\n_CartPage.default.verifyEmptyCart();",
              "err": {},
              "uuid": "66c59968-a7c7-4d9f-b9a3-8e4f0af4296d",
              "parentUUID": "00c34e07-348b-40c7-804a-eaa24f51d3a2",
              "isHook": false,
              "skipped": false
            }
          ],
          "suites": [],
          "passes": [
            "66c59968-a7c7-4d9f-b9a3-8e4f0af4296d"
          ],
          "failures": [],
          "pending": [],
          "skipped": [],
          "duration": 2284,
          "root": false,
          "rootEmpty": false,
          "_timeout": 2000
        }
      ],
      "passes": [],
      "failures": [],
      "pending": [],
      "skipped": [],
      "duration": 0,
      "root": true,
      "rootEmpty": true,
      "_timeout": 2000
    }
  ],
  "meta": {
    "mocha": {
      "version": "7.2.0"
    },
    "mochawesome": {
      "options": {
        "quiet": false,
        "reportFilename": "mochawesome",
        "saveHtml": true,
        "saveJson": true,
        "consoleReporter": "spec",
        "useInlineDiffs": false,
        "code": true
      },
      "version": "7.1.4"
    },
    "marge": {
      "options": {
        "reportDir": "cypress/reports",
        "overwrite": false,
        "html": true,
        "json": true,
        "timestamp": "mmddyyyy_HHMMss"
      },
      "version": "6.3.2"
    }
  }
}